2018-05-14 18:11:50.793 [main] INFO  Server - [] jetty-9.0.7.v20131107
2018-05-14 18:11:50.942 [main] INFO  StandardDescriptorProcessor - [] NO JSP Support for /, did not find org.apache.jasper.servlet.JspServlet
2018-05-14 18:11:50.992 [main] INFO  ContextHandler - [] Started o.e.j.w.WebAppContext@2bb7bd00{/,file:/Users/rainylight/Documents/projects/java/Onesflow-Backend/,AVAILABLE}
2018-05-14 18:11:51.035 [main] WARN  AbstractLifeCycle - [] FAILED ServerConnector@75c9e76b{HTTP/1.1}{0.0.0.0:1818}: java.net.BindException: Address already in use
java.net.BindException: Address already in use
	at sun.nio.ch.Net.bind0(Native Method)
	at sun.nio.ch.Net.bind(Net.java:433)
	at sun.nio.ch.Net.bind(Net.java:425)
	at sun.nio.ch.ServerSocketChannelImpl.bind(ServerSocketChannelImpl.java:223)
	at sun.nio.ch.ServerSocketAdaptor.bind(ServerSocketAdaptor.java:74)
	at org.eclipse.jetty.server.ServerConnector.open(ServerConnector.java:264)
	at org.eclipse.jetty.server.AbstractNetworkConnector.doStart(AbstractNetworkConnector.java:80)
	at org.eclipse.jetty.util.component.AbstractLifeCycle.start(AbstractLifeCycle.java:69)
	at org.eclipse.jetty.server.Server.doStart(Server.java:303)
	at org.eclipse.jetty.util.component.AbstractLifeCycle.start(AbstractLifeCycle.java:69)
	at com.thenorthw.onesflow.web.Main.main(Main.java:26)
2018-05-14 18:11:51.037 [main] WARN  AbstractLifeCycle - [] FAILED org.eclipse.jetty.server.Server@41813449: java.net.BindException: Address already in use
java.net.BindException: Address already in use
	at sun.nio.ch.Net.bind0(Native Method)
	at sun.nio.ch.Net.bind(Net.java:433)
	at sun.nio.ch.Net.bind(Net.java:425)
	at sun.nio.ch.ServerSocketChannelImpl.bind(ServerSocketChannelImpl.java:223)
	at sun.nio.ch.ServerSocketAdaptor.bind(ServerSocketAdaptor.java:74)
	at org.eclipse.jetty.server.ServerConnector.open(ServerConnector.java:264)
	at org.eclipse.jetty.server.AbstractNetworkConnector.doStart(AbstractNetworkConnector.java:80)
	at org.eclipse.jetty.util.component.AbstractLifeCycle.start(AbstractLifeCycle.java:69)
	at org.eclipse.jetty.server.Server.doStart(Server.java:303)
	at org.eclipse.jetty.util.component.AbstractLifeCycle.start(AbstractLifeCycle.java:69)
	at com.thenorthw.onesflow.web.Main.main(Main.java:26)
2018-05-14 18:11:51.038 [main] ERROR Main - [] start jetty server failed
java.net.BindException: Address already in use
	at sun.nio.ch.Net.bind0(Native Method)
	at sun.nio.ch.Net.bind(Net.java:433)
	at sun.nio.ch.Net.bind(Net.java:425)
	at sun.nio.ch.ServerSocketChannelImpl.bind(ServerSocketChannelImpl.java:223)
	at sun.nio.ch.ServerSocketAdaptor.bind(ServerSocketAdaptor.java:74)
	at org.eclipse.jetty.server.ServerConnector.open(ServerConnector.java:264)
	at org.eclipse.jetty.server.AbstractNetworkConnector.doStart(AbstractNetworkConnector.java:80)
	at org.eclipse.jetty.util.component.AbstractLifeCycle.start(AbstractLifeCycle.java:69)
	at org.eclipse.jetty.server.Server.doStart(Server.java:303)
	at org.eclipse.jetty.util.component.AbstractLifeCycle.start(AbstractLifeCycle.java:69)
	at com.thenorthw.onesflow.web.Main.main(Main.java:26)
2018-05-14 18:12:11.696 [main] INFO  Server - [] jetty-9.0.7.v20131107
2018-05-14 18:12:11.823 [main] INFO  StandardDescriptorProcessor - [] NO JSP Support for /, did not find org.apache.jasper.servlet.JspServlet
2018-05-14 18:12:11.856 [main] INFO  ContextHandler - [] Started o.e.j.w.WebAppContext@2bb7bd00{/,file:/Users/rainylight/Documents/projects/java/Onesflow-Backend/,AVAILABLE}
2018-05-14 18:12:12.011 [main] INFO  ServerConnector - [] Started ServerConnector@dbf9dac{HTTP/1.1}{0.0.0.0:1818}
2018-05-14 18:12:12.012 [main] INFO  Main - [] jetty server is running at http://10.132.13.135:1818
2018-05-14 18:20:19.508 [main] INFO  Server - [] jetty-9.0.7.v20131107
2018-05-14 18:20:19.623 [main] INFO  StandardDescriptorProcessor - [] NO JSP Support for /, did not find org.apache.jasper.servlet.JspServlet
2018-05-14 18:20:19.653 [main] INFO  ContextHandler - [] Started o.e.j.w.WebAppContext@3d3ba765{/,file:/Users/rainylight/Documents/projects/java/Onesflow-Backend/,AVAILABLE}
2018-05-14 18:20:19.703 [main] INFO  ServerConnector - [] Started ServerConnector@3dd1dc90{HTTP/1.1}{0.0.0.0:1818}
2018-05-14 18:20:19.704 [main] INFO  Main - [] jetty server is running at http://10.132.13.135:1818
2018-05-14 18:20:48.133 [main] INFO  Server - [] jetty-9.0.7.v20131107
2018-05-14 18:20:48.264 [main] INFO  StandardDescriptorProcessor - [] NO JSP Support for /, did not find org.apache.jasper.servlet.JspServlet
2018-05-14 18:20:48.310 [main] INFO  ContextHandler - [] Started o.e.j.w.WebAppContext@4bd1f8dd{/,file:/Users/rainylight/Documents/projects/java/Onesflow-Backend/,AVAILABLE}
2018-05-14 18:20:48.362 [main] INFO  ServerConnector - [] Started ServerConnector@3fa2213{HTTP/1.1}{0.0.0.0:1818}
2018-05-14 18:20:48.363 [main] INFO  Main - [] jetty server is running at http://10.132.13.135:1818
